Using pre-set license

 COMMAND LINE ARGUMENTS:
/Applications/Unity/Hub/Editor/2020.3.2f1/Unity.app/Contents/MacOS/Unity
-adb2
-batchMode
-noUpm
-name
AssetImportWorker0
-projectPath
/Users/waltergalloneto/Documents/GitHub/Boat-Game/New Unity Project
-logFile
Logs/AssetImportWorker0.log
-srvPort
63517
Successfully changed project path to: /Users/waltergalloneto/Documents/GitHub/Boat-Game/New Unity Project
/Users/waltergalloneto/Documents/GitHub/Boat-Game/New Unity Project
Using Asset Import Pipeline V2.
Refreshing native plugins compatible for Editor in 24.50 ms, found 1 plugins.
Preloading 0 native plugins for Editor in 0.00 ms.
Initialize engine version: 2020.3.2f1 (8fd9074bf66c)
[Subsystems] Discovering subsystems at path /Applications/Unity/Hub/Editor/2020.3.2f1/Unity.app/Contents/Resources/UnitySubsystems
[Subsystems] Discovering subsystems at path /Users/waltergalloneto/Documents/GitHub/Boat-Game/New Unity Project/Assets
GfxDevice: creating device client; threaded=0
2021-11-22 20:13:05.302 Unity[52695:4882097] (null) preferred device: Apple M1 (high power)
2021-11-22 20:13:05.302 Unity[52695:4882097] Metal devices available: 1
2021-11-22 20:13:05.302 Unity[52695:4882097] 0: Apple M1 (high power)
2021-11-22 20:13:05.303 Unity[52695:4882097] Using device Apple M1 (high power)
Initializing Metal device caps: Apple M1
Initialize mono
Mono path[0] = '/Applications/Unity/Hub/Editor/2020.3.2f1/Unity.app/Contents/Managed'
Mono path[1] = '/Applications/Unity/Hub/Editor/2020.3.2f1/Unity.app/Contents/MonoBleedingEdge/lib/mono/unityjit'
Mono config path = '/Applications/Unity/Hub/Editor/2020.3.2f1/Unity.app/Contents/MonoBleedingEdge/etc'
Using monoOptions --debugger-agent=transport=dt_socket,embedding=1,server=y,suspend=n,address=127.0.0.1:56695
Begin MonoManager ReloadAssembly
Registering precompiled unity dll's ...
Register platform support module: /Applications/Unity/Hub/Editor/2020.3.2f1/Unity.app/Contents/PlaybackEngines/MacStandaloneSupport/UnityEditor.OSXStandalone.Extensions.dll
Registered in 0.003099 seconds.
Native extension for OSXStandalone target not found
Refreshing native plugins compatible for Editor in 25.69 ms, found 1 plugins.
Preloading 0 native plugins for Editor in 0.00 ms.
Invoked RoslynAnalysisRunner static constructor.
RoslynAnalysisRunner will not be running.
RoslynAnalysisRunner has terminated.
Mono: successfully reloaded assembly
- Completed reload, in  2.122 seconds
Platform modules already initialized, skipping
Registering precompiled user dll's ...
Registered in 0.001598 seconds.
Begin MonoManager ReloadAssembly
Native extension for OSXStandalone target not found
Refreshing native plugins compatible for Editor in 0.22 ms, found 1 plugins.
Preloading 0 native plugins for Editor in 0.00 ms.
Invoked RoslynAnalysisRunner static constructor.
RoslynAnalysisRunner will not be running.
RoslynAnalysisRunner has terminated.
Mono: successfully reloaded assembly
- Completed reload, in  1.629 seconds
Platform modules already initialized, skipping
========================================================================
Worker process is ready to serve import requests
Launching external process: /Applications/Unity/Hub/Editor/2020.3.2f1/Unity.app/Contents/Tools/UnityShaderCompiler
Launched and connected shader compiler UnityShaderCompiler after 0.02 seconds
Refreshing native plugins compatible for Editor in 0.22 ms, found 1 plugins.
Preloading 0 native plugins for Editor in 0.00 ms.
Unloading 1270 Unused Serialized files (Serialized files now loaded: 0)
System memory in use before: 191.6 MB.
System memory in use after: 191.7 MB.

Unloading 11 unused Assets to reduce memory usage. Loaded Objects now: 1746.
Total: 1.534708 ms (FindLiveObjects: 0.145334 ms CreateObjectMapping: 0.028250 ms MarkObjects: 1.259834 ms  DeleteObjects: 0.100250 ms)

========================================================================
Received Import Request.
  path: Assets/Andtech/Star Pack/Samples/Star Pack Demo/Models/Diamond.fbx
  artifactKey: Guid(8fb88c5bbb9a651438bc29723183e17f) Importer(815301076,1909f56bfc062723c751e8b465ee728b)
Start importing Assets/Andtech/Star Pack/Samples/Star Pack Demo/Models/Diamond.fbx using Guid(8fb88c5bbb9a651438bc29723183e17f) Importer(815301076,1909f56bfc062723c751e8b465ee728b)  -> (artifact id: '99ab87f2382290515932e3f9e72b590c') in 0.715410 seconds
  Import took 0.717268 seconds .

========================================================================
Received Import Request.
  Time since last request: 2.310918 seconds.
  path: Assets/Andtech/Star Pack/Samples/Star Pack Demo/Models/Shield.fbx
  artifactKey: Guid(b78515dab91d4704e894058377e7bcc4) Importer(815301076,1909f56bfc062723c751e8b465ee728b)
Start importing Assets/Andtech/Star Pack/Samples/Star Pack Demo/Models/Shield.fbx using Guid(b78515dab91d4704e894058377e7bcc4) Importer(815301076,1909f56bfc062723c751e8b465ee728b)  -> (artifact id: '4feccb3367f3d3293304e2cdf2c89814') in 0.015329 seconds
  Import took 0.017357 seconds .

========================================================================
Received Import Request.
  Time since last request: 1.210159 seconds.
  path: Assets/Andtech/Star Pack/Samples/Star Pack Demo/Models/Heart.fbx
  artifactKey: Guid(5463771b18824cc4084ee77ffa39e541) Importer(815301076,1909f56bfc062723c751e8b465ee728b)
Start importing Assets/Andtech/Star Pack/Samples/Star Pack Demo/Models/Heart.fbx using Guid(5463771b18824cc4084ee77ffa39e541) Importer(815301076,1909f56bfc062723c751e8b465ee728b)  -> (artifact id: '59af3f6af8d2e7426eb4e6dbc21ff291') in 0.011353 seconds
  Import took 0.013279 seconds .

========================================================================
Received Import Request.
  Time since last request: 5.432042 seconds.
  path: Assets/Andtech/Star Pack/Samples/Star Pack Demo/Prefabs/Flame.prefab
  artifactKey: Guid(b6763604ad5c78246b36eccaf41736e7) Importer(815301076,1909f56bfc062723c751e8b465ee728b)
Start importing Assets/Andtech/Star Pack/Samples/Star Pack Demo/Prefabs/Flame.prefab using Guid(b6763604ad5c78246b36eccaf41736e7) Importer(815301076,1909f56bfc062723c751e8b465ee728b)  -> (artifact id: 'bdb02db649b61339e4b238c9c200a0a7') in 0.057515 seconds
  Import took 0.059374 seconds .

========================================================================
Received Import Request.
  Time since last request: 0.006162 seconds.
  path: Assets/Andtech/Star Pack/Samples/Star Pack Demo/Prefabs/Flame.prefab
  artifactKey: Guid(b6763604ad5c78246b36eccaf41736e7) Importer(815301076,1909f56bfc062723c751e8b465ee728b)
Start importing Assets/Andtech/Star Pack/Samples/Star Pack Demo/Prefabs/Flame.prefab using Guid(b6763604ad5c78246b36eccaf41736e7) Importer(815301076,1909f56bfc062723c751e8b465ee728b)  -> (artifact id: 'bdb02db649b61339e4b238c9c200a0a7') in 0.002719 seconds
  Import took 0.004388 seconds .

========================================================================
Received Import Request.
  Time since last request: 0.013218 seconds.
  path: Assets/Andtech/Star Pack/Runtime/Materials/Sparkle.mat
  artifactKey: Guid(80a46f8de30908a4bbfbdf1b34afd0e7) Importer(815301076,1909f56bfc062723c751e8b465ee728b)
Start importing Assets/Andtech/Star Pack/Runtime/Materials/Sparkle.mat using Guid(80a46f8de30908a4bbfbdf1b34afd0e7) Importer(815301076,1909f56bfc062723c751e8b465ee728b)  -> (artifact id: '7553fcb1bb7ed56e9bf2c3a55a4ebf68') in 0.118475 seconds
  Import took 0.120530 seconds .

========================================================================
Received Import Request.
  Time since last request: 0.685590 seconds.
  path: Assets/Andtech/Star Pack/Samples/Star Pack Demo/Prefabs/Rainbow.prefab
  artifactKey: Guid(5d8258c0b29b78a428be76c2d2102992) Importer(815301076,1909f56bfc062723c751e8b465ee728b)
Start importing Assets/Andtech/Star Pack/Samples/Star Pack Demo/Prefabs/Rainbow.prefab using Guid(5d8258c0b29b78a428be76c2d2102992) Importer(815301076,1909f56bfc062723c751e8b465ee728b)  -> (artifact id: 'c3c921735731783fe5d1ade8bbad2f5d') in 0.003288 seconds
  Import took 0.005155 seconds .

========================================================================
Received Import Request.
  Time since last request: 0.002660 seconds.
  path: Assets/Andtech/Star Pack/Samples/Star Pack Demo/Prefabs/Rainbow.prefab
  artifactKey: Guid(5d8258c0b29b78a428be76c2d2102992) Importer(815301076,1909f56bfc062723c751e8b465ee728b)
Start importing Assets/Andtech/Star Pack/Samples/Star Pack Demo/Prefabs/Rainbow.prefab using Guid(5d8258c0b29b78a428be76c2d2102992) Importer(815301076,1909f56bfc062723c751e8b465ee728b)  -> (artifact id: 'c3c921735731783fe5d1ade8bbad2f5d') in 0.002278 seconds
  Import took 0.003944 seconds .

========================================================================
Received Import Request.
  Time since last request: 183.605241 seconds.
  path: Assets/Andtech/Star Pack/Samples/Star Pack Demo/Prefabs/Vortex.prefab
  artifactKey: Guid(c9abe8e03b2207a44ab12b4a938199b0) Importer(815301076,1909f56bfc062723c751e8b465ee728b)
Start importing Assets/Andtech/Star Pack/Samples/Star Pack Demo/Prefabs/Vortex.prefab using Guid(c9abe8e03b2207a44ab12b4a938199b0) Importer(815301076,1909f56bfc062723c751e8b465ee728b)  -> (artifact id: '8039189fb2757fd4c951974f3b8da45a') in 0.005223 seconds
  Import took 0.007243 seconds .

========================================================================
Received Import Request.
  Time since last request: 3.952700 seconds.
  path: Assets/Andtech/Star Pack/Samples/Star Pack Demo/Prefabs/Spherical.prefab
  artifactKey: Guid(16966713336d54d4a96c67725c97301c) Importer(815301076,1909f56bfc062723c751e8b465ee728b)
Start importing Assets/Andtech/Star Pack/Samples/Star Pack Demo/Prefabs/Spherical.prefab using Guid(16966713336d54d4a96c67725c97301c) Importer(815301076,1909f56bfc062723c751e8b465ee728b)  -> (artifact id: 'b65ac4f38512c201971b8ce2fdcfb6fb') in 0.003437 seconds
  Import took 0.005278 seconds .

========================================================================
Received Import Request.
  Time since last request: 0.000268 seconds.
  path: Assets/Andtech/Star Pack/Samples/Star Pack Demo/Prefabs/Spherical.prefab
  artifactKey: Guid(16966713336d54d4a96c67725c97301c) Importer(815301076,1909f56bfc062723c751e8b465ee728b)
Start importing Assets/Andtech/Star Pack/Samples/Star Pack Demo/Prefabs/Spherical.prefab using Guid(16966713336d54d4a96c67725c97301c) Importer(815301076,1909f56bfc062723c751e8b465ee728b)  -> (artifact id: 'b65ac4f38512c201971b8ce2fdcfb6fb') in 0.002327 seconds
  Import took 0.004190 seconds .

========================================================================
Received Prepare
Refreshing native plugins compatible for Editor in 1.08 ms, found 1 plugins.
Preloading 0 native plugins for Editor in 0.00 ms.
Unloading 3 Unused Serialized files (Serialized files now loaded: 0)
System memory in use before: 184.1 MB.
System memory in use after: 184.2 MB.

Unloading 4 unused Assets to reduce memory usage. Loaded Objects now: 1789.
Total: 3.775459 ms (FindLiveObjects: 0.185125 ms CreateObjectMapping: 0.030167 ms MarkObjects: 3.466125 ms  DeleteObjects: 0.092542 ms)

========================================================================
Received Prepare
Registering precompiled user dll's ...
Registered in 0.000697 seconds.
Begin MonoManager ReloadAssembly
Native extension for OSXStandalone target not found
Refreshing native plugins compatible for Editor in 0.24 ms, found 1 plugins.
Preloading 0 native plugins for Editor in 0.00 ms.
Invoked RoslynAnalysisRunner static constructor.
RoslynAnalysisRunner will not be running.
RoslynAnalysisRunner has terminated.
Mono: successfully reloaded assembly
- Completed reload, in  1.544 seconds
Platform modules already initialized, skipping
Refreshing native plugins compatible for Editor in 0.21 ms, found 1 plugins.
Preloading 0 native plugins for Editor in 0.00 ms.
Unloading 1262 Unused Serialized files (Serialized files now loaded: 0)
System memory in use before: 208.2 MB.
System memory in use after: 208.3 MB.

Unloading 6 unused Assets to reduce memory usage. Loaded Objects now: 1792.
Total: 1.244583 ms (FindLiveObjects: 0.085292 ms CreateObjectMapping: 0.025667 ms MarkObjects: 1.071625 ms  DeleteObjects: 0.061208 ms)

========================================================================
Received Prepare
Registering precompiled user dll's ...
Registered in 0.000632 seconds.
Begin MonoManager ReloadAssembly
Native extension for OSXStandalone target not found
Refreshing native plugins compatible for Editor in 0.23 ms, found 1 plugins.
Preloading 0 native plugins for Editor in 0.00 ms.
Invoked RoslynAnalysisRunner static constructor.
RoslynAnalysisRunner will not be running.
RoslynAnalysisRunner has terminated.
Mono: successfully reloaded assembly
- Completed reload, in  1.559 seconds
Platform modules already initialized, skipping
Refreshing native plugins compatible for Editor in 0.23 ms, found 1 plugins.
Preloading 0 native plugins for Editor in 0.00 ms.
Unloading 1262 Unused Serialized files (Serialized files now loaded: 0)
System memory in use before: 208.5 MB.
System memory in use after: 208.6 MB.

Unloading 6 unused Assets to reduce memory usage. Loaded Objects now: 1795.
Total: 1.277833 ms (FindLiveObjects: 0.133291 ms CreateObjectMapping: 0.027000 ms MarkObjects: 1.040500 ms  DeleteObjects: 0.076125 ms)

========================================================================
Received Prepare
Registering precompiled user dll's ...
Registered in 0.001113 seconds.
Begin MonoManager ReloadAssembly
Native extension for OSXStandalone target not found
Refreshing native plugins compatible for Editor in 0.22 ms, found 1 plugins.
Preloading 0 native plugins for Editor in 0.00 ms.
Invoked RoslynAnalysisRunner static constructor.
RoslynAnalysisRunner will not be running.
RoslynAnalysisRunner has terminated.
Mono: successfully reloaded assembly
- Completed reload, in  1.489 seconds
Platform modules already initialized, skipping
Refreshing native plugins compatible for Editor in 0.21 ms, found 1 plugins.
Preloading 0 native plugins for Editor in 0.00 ms.
Unloading 1262 Unused Serialized files (Serialized files now loaded: 0)
System memory in use before: 208.8 MB.
System memory in use after: 208.9 MB.

Unloading 6 unused Assets to reduce memory usage. Loaded Objects now: 1798.
Total: 1.245667 ms (FindLiveObjects: 0.102292 ms CreateObjectMapping: 0.025833 ms MarkObjects: 1.058083 ms  DeleteObjects: 0.058625 ms)

========================================================================
Received Prepare
Registering precompiled user dll's ...
Registered in 0.000914 seconds.
Begin MonoManager ReloadAssembly
Native extension for OSXStandalone target not found
Refreshing native plugins compatible for Editor in 0.22 ms, found 1 plugins.
Preloading 0 native plugins for Editor in 0.00 ms.
Invoked RoslynAnalysisRunner static constructor.
RoslynAnalysisRunner will not be running.
RoslynAnalysisRunner has terminated.
Mono: successfully reloaded assembly
- Completed reload, in  1.535 seconds
Platform modules already initialized, skipping
Refreshing native plugins compatible for Editor in 0.22 ms, found 1 plugins.
Preloading 0 native plugins for Editor in 0.00 ms.
Unloading 1262 Unused Serialized files (Serialized files now loaded: 0)
System memory in use before: 209.1 MB.
System memory in use after: 209.2 MB.

Unloading 6 unused Assets to reduce memory usage. Loaded Objects now: 1801.
Total: 1.356459 ms (FindLiveObjects: 0.143583 ms CreateObjectMapping: 0.030083 ms MarkObjects: 1.110375 ms  DeleteObjects: 0.071334 ms)

========================================================================
Received Prepare
Registering precompiled user dll's ...
Registered in 0.000812 seconds.
Begin MonoManager ReloadAssembly
Native extension for OSXStandalone target not found
Refreshing native plugins compatible for Editor in 0.24 ms, found 1 plugins.
Preloading 0 native plugins for Editor in 0.00 ms.
Invoked RoslynAnalysisRunner static constructor.
RoslynAnalysisRunner will not be running.
RoslynAnalysisRunner has terminated.
Mono: successfully reloaded assembly
- Completed reload, in  1.600 seconds
Platform modules already initialized, skipping
Refreshing native plugins compatible for Editor in 0.21 ms, found 1 plugins.
Preloading 0 native plugins for Editor in 0.00 ms.
Unloading 1262 Unused Serialized files (Serialized files now loaded: 0)
System memory in use before: 209.5 MB.
System memory in use after: 209.5 MB.

Unloading 6 unused Assets to reduce memory usage. Loaded Objects now: 1804.
Total: 1.336458 ms (FindLiveObjects: 0.130583 ms CreateObjectMapping: 0.025917 ms MarkObjects: 1.103875 ms  DeleteObjects: 0.075166 ms)

========================================================================
Received Prepare
Registering precompiled user dll's ...
Registered in 0.001002 seconds.
Begin MonoManager ReloadAssembly
Native extension for OSXStandalone target not found
Refreshing native plugins compatible for Editor in 0.25 ms, found 1 plugins.
Preloading 0 native plugins for Editor in 0.00 ms.
Invoked RoslynAnalysisRunner static constructor.
RoslynAnalysisRunner will not be running.
RoslynAnalysisRunner has terminated.
Mono: successfully reloaded assembly
- Completed reload, in  1.516 seconds
Platform modules already initialized, skipping
Refreshing native plugins compatible for Editor in 0.21 ms, found 1 plugins.
Preloading 0 native plugins for Editor in 0.00 ms.
Unloading 1262 Unused Serialized files (Serialized files now loaded: 0)
System memory in use before: 209.8 MB.
System memory in use after: 209.8 MB.

Unloading 6 unused Assets to reduce memory usage. Loaded Objects now: 1807.
Total: 1.204208 ms (FindLiveObjects: 0.099708 ms CreateObjectMapping: 0.026625 ms MarkObjects: 1.022000 ms  DeleteObjects: 0.055084 ms)

========================================================================
Received Prepare
Registering precompiled user dll's ...
Registered in 0.000303 seconds.
Begin MonoManager ReloadAssembly
Native extension for OSXStandalone target not found
Refreshing native plugins compatible for Editor in 0.23 ms, found 1 plugins.
Preloading 0 native plugins for Editor in 0.00 ms.
Invoked RoslynAnalysisRunner static constructor.
RoslynAnalysisRunner will not be running.
RoslynAnalysisRunner has terminated.
Mono: successfully reloaded assembly
- Completed reload, in  1.539 seconds
Platform modules already initialized, skipping
Refreshing native plugins compatible for Editor in 0.22 ms, found 1 plugins.
Preloading 0 native plugins for Editor in 0.00 ms.
Unloading 1262 Unused Serialized files (Serialized files now loaded: 0)
System memory in use before: 210.1 MB.
System memory in use after: 210.1 MB.

Unloading 6 unused Assets to reduce memory usage. Loaded Objects now: 1810.
Total: 1.275166 ms (FindLiveObjects: 0.102416 ms CreateObjectMapping: 0.026792 ms MarkObjects: 1.079000 ms  DeleteObjects: 0.065750 ms)

========================================================================
Received Prepare
Registering precompiled user dll's ...
Registered in 0.001366 seconds.
Begin MonoManager ReloadAssembly
Native extension for OSXStandalone target not found
Refreshing native plugins compatible for Editor in 0.22 ms, found 1 plugins.
Preloading 0 native plugins for Editor in 0.00 ms.
Invoked RoslynAnalysisRunner static constructor.
RoslynAnalysisRunner will not be running.
RoslynAnalysisRunner has terminated.
Mono: successfully reloaded assembly
- Completed reload, in  1.665 seconds
Platform modules already initialized, skipping
Refreshing native plugins compatible for Editor in 0.20 ms, found 1 plugins.
Preloading 0 native plugins for Editor in 0.00 ms.
Unloading 1262 Unused Serialized files (Serialized files now loaded: 0)
System memory in use before: 210.4 MB.
System memory in use after: 210.4 MB.

Unloading 6 unused Assets to reduce memory usage. Loaded Objects now: 1813.
Total: 1.311333 ms (FindLiveObjects: 0.140667 ms CreateObjectMapping: 0.026833 ms MarkObjects: 1.072208 ms  DeleteObjects: 0.070750 ms)

