Using pre-set license

 COMMAND LINE ARGUMENTS:
/Applications/Unity/Hub/Editor/2020.3.2f1/Unity.app/Contents/MacOS/Unity
-adb2
-batchMode
-noUpm
-name
AssetImportWorker0
-projectPath
/Users/waltergalloneto/Documents/GitHub/Boat-Game/New Unity Project
-logFile
Logs/AssetImportWorker0.log
-srvPort
62782
Successfully changed project path to: /Users/waltergalloneto/Documents/GitHub/Boat-Game/New Unity Project
/Users/waltergalloneto/Documents/GitHub/Boat-Game/New Unity Project
Using Asset Import Pipeline V2.
Refreshing native plugins compatible for Editor in 26.34 ms, found 1 plugins.
Preloading 0 native plugins for Editor in 0.00 ms.
Initialize engine version: 2020.3.2f1 (8fd9074bf66c)
[Subsystems] Discovering subsystems at path /Applications/Unity/Hub/Editor/2020.3.2f1/Unity.app/Contents/Resources/UnitySubsystems
[Subsystems] Discovering subsystems at path /Users/waltergalloneto/Documents/GitHub/Boat-Game/New Unity Project/Assets
GfxDevice: creating device client; threaded=0
2021-11-22 13:26:48.949 Unity[51810:4791418] (null) preferred device: Apple M1 (high power)
2021-11-22 13:26:48.949 Unity[51810:4791418] Metal devices available: 1
2021-11-22 13:26:48.949 Unity[51810:4791418] 0: Apple M1 (high power)
2021-11-22 13:26:48.949 Unity[51810:4791418] Using device Apple M1 (high power)
Initializing Metal device caps: Apple M1
Initialize mono
Mono path[0] = '/Applications/Unity/Hub/Editor/2020.3.2f1/Unity.app/Contents/Managed'
Mono path[1] = '/Applications/Unity/Hub/Editor/2020.3.2f1/Unity.app/Contents/MonoBleedingEdge/lib/mono/unityjit'
Mono config path = '/Applications/Unity/Hub/Editor/2020.3.2f1/Unity.app/Contents/MonoBleedingEdge/etc'
Using monoOptions --debugger-agent=transport=dt_socket,embedding=1,server=y,suspend=n,address=127.0.0.1:56810
Begin MonoManager ReloadAssembly
Registering precompiled unity dll's ...
Register platform support module: /Applications/Unity/Hub/Editor/2020.3.2f1/Unity.app/Contents/PlaybackEngines/MacStandaloneSupport/UnityEditor.OSXStandalone.Extensions.dll
Registered in 0.001028 seconds.
Native extension for OSXStandalone target not found
Refreshing native plugins compatible for Editor in 27.31 ms, found 1 plugins.
Preloading 0 native plugins for Editor in 0.00 ms.
Invoked RoslynAnalysisRunner static constructor.
RoslynAnalysisRunner will not be running.
RoslynAnalysisRunner has terminated.
Mono: successfully reloaded assembly
- Completed reload, in  1.994 seconds
Platform modules already initialized, skipping
Registering precompiled user dll's ...
Registered in 0.000564 seconds.
Begin MonoManager ReloadAssembly
Native extension for OSXStandalone target not found
Refreshing native plugins compatible for Editor in 0.23 ms, found 1 plugins.
Preloading 0 native plugins for Editor in 0.00 ms.
Invoked RoslynAnalysisRunner static constructor.
RoslynAnalysisRunner will not be running.
RoslynAnalysisRunner has terminated.
Mono: successfully reloaded assembly
- Completed reload, in  1.657 seconds
Platform modules already initialized, skipping
========================================================================
Worker process is ready to serve import requests
Launching external process: /Applications/Unity/Hub/Editor/2020.3.2f1/Unity.app/Contents/Tools/UnityShaderCompiler
Launched and connected shader compiler UnityShaderCompiler after 0.02 seconds
Refreshing native plugins compatible for Editor in 0.28 ms, found 1 plugins.
Preloading 0 native plugins for Editor in 0.00 ms.
Unloading 1265 Unused Serialized files (Serialized files now loaded: 0)
System memory in use before: 190.9 MB.
System memory in use after: 191.0 MB.

Unloading 11 unused Assets to reduce memory usage. Loaded Objects now: 1741.
Total: 1.532375 ms (FindLiveObjects: 0.137667 ms CreateObjectMapping: 0.027333 ms MarkObjects: 1.267958 ms  DeleteObjects: 0.098083 ms)

========================================================================
Received Import Request.
  path: Assets/Scripts/PlayerController.cs
  artifactKey: Guid(514bc80f2dc5a46ed86964ba47a1a630) Importer(815301076,1909f56bfc062723c751e8b465ee728b)
Start importing Assets/Scripts/PlayerController.cs using Guid(514bc80f2dc5a46ed86964ba47a1a630) Importer(815301076,1909f56bfc062723c751e8b465ee728b)  -> (artifact id: 'af5479f191edb59f553d96e3cf8b5fd8') in 0.170917 seconds
  Import took 0.172708 seconds .

========================================================================
Received Import Request.
  Time since last request: 587.059624 seconds.
  path: Assets/Prefabs/Cylinder.prefab
  artifactKey: Guid(0f4b29cb2112442438f62dbd85dfb440) Importer(815301076,1909f56bfc062723c751e8b465ee728b)
Start importing Assets/Prefabs/Cylinder.prefab using Guid(0f4b29cb2112442438f62dbd85dfb440) Importer(815301076,1909f56bfc062723c751e8b465ee728b)  -> (artifact id: '05d2fd78b748a8f8999299c0d6755312') in 0.688763 seconds
  Import took 0.694346 seconds .

========================================================================
Received Prepare
Registering precompiled user dll's ...
Registered in 0.000484 seconds.
Begin MonoManager ReloadAssembly
Native extension for OSXStandalone target not found
Refreshing native plugins compatible for Editor in 0.22 ms, found 1 plugins.
Preloading 0 native plugins for Editor in 0.00 ms.
Invoked RoslynAnalysisRunner static constructor.
RoslynAnalysisRunner will not be running.
RoslynAnalysisRunner has terminated.
Mono: successfully reloaded assembly
- Completed reload, in  1.556 seconds
Platform modules already initialized, skipping
Refreshing native plugins compatible for Editor in 0.21 ms, found 1 plugins.
Preloading 0 native plugins for Editor in 0.00 ms.
Unloading 1258 Unused Serialized files (Serialized files now loaded: 0)
System memory in use before: 202.8 MB.
System memory in use after: 202.8 MB.

Unloading 7 unused Assets to reduce memory usage. Loaded Objects now: 1752.
Total: 1.279334 ms (FindLiveObjects: 0.120000 ms CreateObjectMapping: 0.025583 ms MarkObjects: 1.064417 ms  DeleteObjects: 0.068292 ms)

========================================================================
Received Prepare
Registering precompiled user dll's ...
Registered in 0.000273 seconds.
Begin MonoManager ReloadAssembly
Native extension for OSXStandalone target not found
Refreshing native plugins compatible for Editor in 0.22 ms, found 1 plugins.
Preloading 0 native plugins for Editor in 0.00 ms.
Invoked RoslynAnalysisRunner static constructor.
RoslynAnalysisRunner will not be running.
RoslynAnalysisRunner has terminated.
Mono: successfully reloaded assembly
- Completed reload, in  1.478 seconds
Platform modules already initialized, skipping
Refreshing native plugins compatible for Editor in 0.21 ms, found 1 plugins.
Preloading 0 native plugins for Editor in 0.00 ms.
Unloading 1258 Unused Serialized files (Serialized files now loaded: 0)
System memory in use before: 203.1 MB.
System memory in use after: 203.1 MB.

Unloading 6 unused Assets to reduce memory usage. Loaded Objects now: 1755.
Total: 1.272500 ms (FindLiveObjects: 0.123917 ms CreateObjectMapping: 0.026125 ms MarkObjects: 1.050750 ms  DeleteObjects: 0.070750 ms)

========================================================================
Received Prepare
Registering precompiled user dll's ...
Registered in 0.000348 seconds.
Begin MonoManager ReloadAssembly
Native extension for OSXStandalone target not found
Refreshing native plugins compatible for Editor in 0.22 ms, found 1 plugins.
Preloading 0 native plugins for Editor in 0.00 ms.
Invoked RoslynAnalysisRunner static constructor.
RoslynAnalysisRunner will not be running.
RoslynAnalysisRunner has terminated.
Mono: successfully reloaded assembly
- Completed reload, in  1.486 seconds
Platform modules already initialized, skipping
Refreshing native plugins compatible for Editor in 0.20 ms, found 1 plugins.
Preloading 0 native plugins for Editor in 0.00 ms.
Unloading 1258 Unused Serialized files (Serialized files now loaded: 0)
System memory in use before: 203.4 MB.
System memory in use after: 203.4 MB.

Unloading 6 unused Assets to reduce memory usage. Loaded Objects now: 1758.
Total: 1.207084 ms (FindLiveObjects: 0.088208 ms CreateObjectMapping: 0.026250 ms MarkObjects: 1.027958 ms  DeleteObjects: 0.063667 ms)

========================================================================
Received Import Request.
  Time since last request: 741.795824 seconds.
  path: Assets/Prefabs/Cylinder.prefab
  artifactKey: Guid(0f4b29cb2112442438f62dbd85dfb440) Importer(815301076,1909f56bfc062723c751e8b465ee728b)
Start importing Assets/Prefabs/Cylinder.prefab using Guid(0f4b29cb2112442438f62dbd85dfb440) Importer(815301076,1909f56bfc062723c751e8b465ee728b)  -> (artifact id: '359b95bb306bb0c1a3e9234a18425b35') in 0.151794 seconds
  Import took 0.154641 seconds .

========================================================================
Received Import Request.
  Time since last request: 7.147039 seconds.
  path: Assets/Prefabs/Boost Bottle.prefab
  artifactKey: Guid(0f4b29cb2112442438f62dbd85dfb440) Importer(815301076,1909f56bfc062723c751e8b465ee728b)
Start importing Assets/Prefabs/Boost Bottle.prefab using Guid(0f4b29cb2112442438f62dbd85dfb440) Importer(815301076,1909f56bfc062723c751e8b465ee728b)  -> (artifact id: 'f3d8e1b5bf63f8a5bc80adebe31d752c') in 0.013649 seconds
  Import took 0.015913 seconds .

========================================================================
Received Import Request.
  Time since last request: 555.219544 seconds.
  path: ProjectSettings/TagManager.asset
  artifactKey: Guid(00000000000000003000000000000000) Importer(815301076,1909f56bfc062723c751e8b465ee728b)
Start importing ProjectSettings/TagManager.asset using Guid(00000000000000003000000000000000) Importer(815301076,1909f56bfc062723c751e8b465ee728b)  -> (artifact id: '97d3f011eb8e9f236517414269173339') in 0.071056 seconds
  Import took 0.074294 seconds .

========================================================================
Received Import Request.
  Time since last request: 0.012146 seconds.
  path: ProjectSettings/TagManager.asset
  artifactKey: Guid(00000000000000003000000000000000) Importer(815301076,1909f56bfc062723c751e8b465ee728b)
Start importing ProjectSettings/TagManager.asset using Guid(00000000000000003000000000000000) Importer(815301076,1909f56bfc062723c751e8b465ee728b)  -> (artifact id: '97d3f011eb8e9f236517414269173339') in 0.009299 seconds
  Import took 0.013940 seconds .

========================================================================
Received Prepare
Registering precompiled user dll's ...
Registered in 0.000734 seconds.
Begin MonoManager ReloadAssembly
Native extension for OSXStandalone target not found
Refreshing native plugins compatible for Editor in 0.38 ms, found 1 plugins.
Preloading 0 native plugins for Editor in 0.00 ms.
Invoked RoslynAnalysisRunner static constructor.
RoslynAnalysisRunner will not be running.
RoslynAnalysisRunner has terminated.
Mono: successfully reloaded assembly
- Completed reload, in  1.585 seconds
Platform modules already initialized, skipping
Refreshing native plugins compatible for Editor in 0.32 ms, found 1 plugins.
Preloading 0 native plugins for Editor in 0.00 ms.
Unloading 1258 Unused Serialized files (Serialized files now loaded: 0)
System memory in use before: 208.0 MB.
System memory in use after: 208.1 MB.

Unloading 8 unused Assets to reduce memory usage. Loaded Objects now: 1763.
Total: 1.316708 ms (FindLiveObjects: 0.134792 ms CreateObjectMapping: 0.026291 ms MarkObjects: 1.084750 ms  DeleteObjects: 0.069709 ms)

========================================================================
Received Prepare
Registering precompiled user dll's ...
Registered in 0.000802 seconds.
Begin MonoManager ReloadAssembly
Native extension for OSXStandalone target not found
Refreshing native plugins compatible for Editor in 0.23 ms, found 1 plugins.
Preloading 0 native plugins for Editor in 0.00 ms.
Invoked RoslynAnalysisRunner static constructor.
RoslynAnalysisRunner will not be running.
RoslynAnalysisRunner has terminated.
Mono: successfully reloaded assembly
- Completed reload, in  1.497 seconds
Platform modules already initialized, skipping
Refreshing native plugins compatible for Editor in 0.20 ms, found 1 plugins.
Preloading 0 native plugins for Editor in 0.00 ms.
Unloading 1258 Unused Serialized files (Serialized files now loaded: 0)
System memory in use before: 208.3 MB.
System memory in use after: 208.3 MB.

Unloading 6 unused Assets to reduce memory usage. Loaded Objects now: 1766.
Total: 1.246500 ms (FindLiveObjects: 0.109250 ms CreateObjectMapping: 0.029750 ms MarkObjects: 1.044459 ms  DeleteObjects: 0.062417 ms)

========================================================================
Received Prepare
Registering precompiled user dll's ...
Registered in 0.000344 seconds.
Begin MonoManager ReloadAssembly
Native extension for OSXStandalone target not found
Refreshing native plugins compatible for Editor in 0.22 ms, found 1 plugins.
Preloading 0 native plugins for Editor in 0.00 ms.
Invoked RoslynAnalysisRunner static constructor.
RoslynAnalysisRunner will not be running.
RoslynAnalysisRunner has terminated.
Mono: successfully reloaded assembly
- Completed reload, in  1.517 seconds
Platform modules already initialized, skipping
Refreshing native plugins compatible for Editor in 0.23 ms, found 1 plugins.
Preloading 0 native plugins for Editor in 0.00 ms.
Unloading 1258 Unused Serialized files (Serialized files now loaded: 0)
System memory in use before: 208.6 MB.
System memory in use after: 208.7 MB.

Unloading 6 unused Assets to reduce memory usage. Loaded Objects now: 1769.
Total: 1.297917 ms (FindLiveObjects: 0.115750 ms CreateObjectMapping: 0.025625 ms MarkObjects: 1.079875 ms  DeleteObjects: 0.075583 ms)

========================================================================
Received Prepare
Registering precompiled user dll's ...
Registered in 0.000256 seconds.
Begin MonoManager ReloadAssembly
Native extension for OSXStandalone target not found
Refreshing native plugins compatible for Editor in 0.22 ms, found 1 plugins.
Preloading 0 native plugins for Editor in 0.00 ms.
Invoked RoslynAnalysisRunner static constructor.
RoslynAnalysisRunner will not be running.
RoslynAnalysisRunner has terminated.
Mono: successfully reloaded assembly
- Completed reload, in  1.537 seconds
Platform modules already initialized, skipping
Refreshing native plugins compatible for Editor in 0.21 ms, found 1 plugins.
Preloading 0 native plugins for Editor in 0.00 ms.
Unloading 1258 Unused Serialized files (Serialized files now loaded: 0)
System memory in use before: 208.9 MB.
System memory in use after: 208.9 MB.

Unloading 6 unused Assets to reduce memory usage. Loaded Objects now: 1772.
Total: 1.330500 ms (FindLiveObjects: 0.134250 ms CreateObjectMapping: 0.026334 ms MarkObjects: 1.097583 ms  DeleteObjects: 0.071375 ms)

========================================================================
Received Prepare
Registering precompiled user dll's ...
Registered in 0.000781 seconds.
Begin MonoManager ReloadAssembly
Native extension for OSXStandalone target not found
Refreshing native plugins compatible for Editor in 0.21 ms, found 1 plugins.
Preloading 0 native plugins for Editor in 0.00 ms.
Invoked RoslynAnalysisRunner static constructor.
RoslynAnalysisRunner will not be running.
RoslynAnalysisRunner has terminated.
Mono: successfully reloaded assembly
- Completed reload, in  1.441 seconds
Platform modules already initialized, skipping
Refreshing native plugins compatible for Editor in 0.20 ms, found 1 plugins.
Preloading 0 native plugins for Editor in 0.00 ms.
Unloading 1258 Unused Serialized files (Serialized files now loaded: 0)
System memory in use before: 209.2 MB.
System memory in use after: 209.2 MB.

Unloading 6 unused Assets to reduce memory usage. Loaded Objects now: 1775.
Total: 1.227084 ms (FindLiveObjects: 0.099792 ms CreateObjectMapping: 0.026166 ms MarkObjects: 1.040375 ms  DeleteObjects: 0.059625 ms)

========================================================================
Received Prepare
Registering precompiled user dll's ...
Registered in 0.000449 seconds.
Begin MonoManager ReloadAssembly
Native extension for OSXStandalone target not found
Refreshing native plugins compatible for Editor in 0.24 ms, found 1 plugins.
Preloading 0 native plugins for Editor in 0.00 ms.
Invoked RoslynAnalysisRunner static constructor.
RoslynAnalysisRunner will not be running.
RoslynAnalysisRunner has terminated.
Mono: successfully reloaded assembly
- Completed reload, in  1.446 seconds
Platform modules already initialized, skipping
Refreshing native plugins compatible for Editor in 0.22 ms, found 1 plugins.
Preloading 0 native plugins for Editor in 0.00 ms.
Unloading 1263 Unused Serialized files (Serialized files now loaded: 0)
System memory in use before: 209.7 MB.
System memory in use after: 209.7 MB.

Unloading 7 unused Assets to reduce memory usage. Loaded Objects now: 1782.
Total: 1.244334 ms (FindLiveObjects: 0.109958 ms CreateObjectMapping: 0.025833 ms MarkObjects: 1.017709 ms  DeleteObjects: 0.089875 ms)

========================================================================
Received Import Request.
  Time since last request: 1025.480185 seconds.
  path: Assets/Andtech/Star Pack
  artifactKey: Guid(889cefc1ada474d55b12384e3884ad17) Importer(815301076,1909f56bfc062723c751e8b465ee728b)
Start importing Assets/Andtech/Star Pack using Guid(889cefc1ada474d55b12384e3884ad17) Importer(815301076,1909f56bfc062723c751e8b465ee728b)  -> (artifact id: '0d76175cf534fb68ddb1f7618e18e085') in 0.004704 seconds
  Import took 0.006435 seconds .

========================================================================
Received Import Request.
  Time since last request: 0.020674 seconds.
  path: Assets/Andtech/Star Pack
  artifactKey: Guid(889cefc1ada474d55b12384e3884ad17) Importer(815301076,1909f56bfc062723c751e8b465ee728b)
Start importing Assets/Andtech/Star Pack using Guid(889cefc1ada474d55b12384e3884ad17) Importer(815301076,1909f56bfc062723c751e8b465ee728b)  -> (artifact id: '0d76175cf534fb68ddb1f7618e18e085') in 0.000624 seconds
  Import took 0.002054 seconds .

========================================================================
Received Import Request.
  Time since last request: 2.553680 seconds.
  path: Assets/Andtech/Star Pack/Samples
  artifactKey: Guid(65108483d2473af459a20661a59617be) Importer(815301076,1909f56bfc062723c751e8b465ee728b)
Start importing Assets/Andtech/Star Pack/Samples using Guid(65108483d2473af459a20661a59617be) Importer(815301076,1909f56bfc062723c751e8b465ee728b)  -> (artifact id: 'ba22b51c9272cb956a9388f82d94a320') in 0.001345 seconds
  Import took 0.003404 seconds .

========================================================================
Received Import Request.
  Time since last request: 1.202688 seconds.
  path: Assets/Andtech/Star Pack/Samples/Star Pack Demo
  artifactKey: Guid(67330f5f0763ac749892ce70e3a02231) Importer(815301076,1909f56bfc062723c751e8b465ee728b)
Start importing Assets/Andtech/Star Pack/Samples/Star Pack Demo using Guid(67330f5f0763ac749892ce70e3a02231) Importer(815301076,1909f56bfc062723c751e8b465ee728b)  -> (artifact id: '9d68087613d319b594c2ba78d8cc2025') in 0.000873 seconds
  Import took 0.002744 seconds .

========================================================================
Received Import Request.
  Time since last request: 2.186940 seconds.
  path: Assets/Andtech/Star Pack/Samples/Star Pack Demo/Materials
  artifactKey: Guid(afef9b0415e3f204c9ae93df5722d9ab) Importer(815301076,1909f56bfc062723c751e8b465ee728b)
Start importing Assets/Andtech/Star Pack/Samples/Star Pack Demo/Materials using Guid(afef9b0415e3f204c9ae93df5722d9ab) Importer(815301076,1909f56bfc062723c751e8b465ee728b)  -> (artifact id: 'fde7921b99bca599d4d3c03fc9b19591') in 0.000927 seconds
  Import took 0.002946 seconds .

========================================================================
Received Import Request.
  Time since last request: 16.183636 seconds.
  path: Assets/Andtech/Star Pack/Samples/Star Pack Demo/Prefabs
  artifactKey: Guid(5ec5b183529037046a80dd7e60adef37) Importer(815301076,1909f56bfc062723c751e8b465ee728b)
Start importing Assets/Andtech/Star Pack/Samples/Star Pack Demo/Prefabs using Guid(5ec5b183529037046a80dd7e60adef37) Importer(815301076,1909f56bfc062723c751e8b465ee728b)  -> (artifact id: '6732033848490d09db061413ff617c5b') in 0.001065 seconds
  Import took 0.003220 seconds .

========================================================================
Received Import Request.
  Time since last request: 6.798938 seconds.
  path: Assets/Andtech/Star Pack/Samples/Star Pack Demo/Models
  artifactKey: Guid(6e04ac84741b0224a98dd156c86a4c85) Importer(815301076,1909f56bfc062723c751e8b465ee728b)
Start importing Assets/Andtech/Star Pack/Samples/Star Pack Demo/Models using Guid(6e04ac84741b0224a98dd156c86a4c85) Importer(815301076,1909f56bfc062723c751e8b465ee728b)  -> (artifact id: '8f9e4b2a3308e9ebc663c4db9eacf0b5') in 0.001577 seconds
  Import took 0.003835 seconds .

